

Started GET "/" for 50.173.180.208 at 2014-10-07 06:31:22 +0000
Processing by Rails::WelcomeController#index as HTML
  Rendered /home/ubuntu/.rvm/gems/ruby-2.1.3/gems/railties-4.1.6/lib/rails/templates/rails/welcome/index.html.erb (1.2ms)
Completed 200 OK in 12ms (Views: 4.9ms | ActiveRecord: 0.0ms)


Started GET "/" for 50.173.180.208 at 2014-10-07 06:32:13 +0000
Processing by Rails::WelcomeController#index as HTML
  Rendered /home/ubuntu/.rvm/gems/ruby-2.1.3/gems/railties-4.1.6/lib/rails/templates/rails/welcome/index.html.erb (0.1ms)
Completed 200 OK in 1ms (Views: 0.9ms | ActiveRecord: 0.0ms)


Started GET "/" for 50.173.180.208 at 2014-10-07 06:32:17 +0000
Processing by Rails::WelcomeController#index as HTML
  Rendered /home/ubuntu/.rvm/gems/ruby-2.1.3/gems/railties-4.1.6/lib/rails/templates/rails/welcome/index.html.erb (0.0ms)
Completed 200 OK in 1ms (Views: 0.7ms | ActiveRecord: 0.0ms)


Started GET "/" for 50.173.180.208 at 2014-10-07 06:32:59 +0000
Processing by Rails::WelcomeController#index as HTML
  Rendered /home/ubuntu/.rvm/gems/ruby-2.1.3/gems/railties-4.1.6/lib/rails/templates/rails/welcome/index.html.erb (0.0ms)
Completed 200 OK in 1ms (Views: 0.8ms | ActiveRecord: 0.0ms)


Started GET "/" for 50.173.180.208 at 2014-10-07 06:34:07 +0000
Processing by Rails::WelcomeController#index as HTML
  Rendered /home/ubuntu/.rvm/gems/ruby-2.1.3/gems/railties-4.1.6/lib/rails/templates/rails/welcome/index.html.erb (1.2ms)
Completed 200 OK in 12ms (Views: 5.1ms | ActiveRecord: 0.0ms)


Started GET "/" for 50.173.180.208 at 2014-10-07 06:35:32 +0000

ActionController::RoutingError (uninitialized constant HomeController):
  activesupport (4.1.6) lib/active_support/inflector/methods.rb:238:in `const_get'
  activesupport (4.1.6) lib/active_support/inflector/methods.rb:238:in `block in constantize'
  activesupport (4.1.6) lib/active_support/inflector/methods.rb:236:in `each'
  activesupport (4.1.6) lib/active_support/inflector/methods.rb:236:in `inject'
  activesupport (4.1.6) lib/active_support/inflector/methods.rb:236:in `constantize'
  actionpack (4.1.6) lib/action_dispatch/routing/route_set.rb:78:in `controller_reference'
  actionpack (4.1.6) lib/action_dispatch/routing/route_set.rb:68:in `controller'
  actionpack (4.1.6) lib/action_dispatch/routing/route_set.rb:46:in `call'
  actionpack (4.1.6) lib/action_dispatch/journey/router.rb:73:in `block in call'
  actionpack (4.1.6) lib/action_dispatch/journey/router.rb:59:in `each'
  actionpack (4.1.6) lib/action_dispatch/journey/router.rb:59:in `call'
  actionpack (4.1.6) lib/action_dispatch/routing/route_set.rb:678:in `call'
  rack (1.5.2) lib/rack/etag.rb:23:in `call'
  rack (1.5.2) lib/rack/conditionalget.rb:25:in `call'
  rack (1.5.2) lib/rack/head.rb:11:in `call'
  actionpack (4.1.6) lib/action_dispatch/middleware/params_parser.rb:27:in `call'
  actionpack (4.1.6) lib/action_dispatch/middleware/flash.rb:254:in `call'
  rack (1.5.2) lib/rack/session/abstract/id.rb:225:in `context'
  rack (1.5.2) lib/rack/session/abstract/id.rb:220:in `call'
  actionpack (4.1.6) lib/action_dispatch/middleware/cookies.rb:560:in `call'
  activerecord (4.1.6) lib/active_record/query_cache.rb:36:in `call'
  activerecord (4.1.6) lib/active_record/connection_adapters/abstract/connection_pool.rb:621:in `call'
  activerecord (4.1.6) lib/active_record/migration.rb:380:in `call'
  actionpack (4.1.6) lib/action_dispatch/middleware/callbacks.rb:29:in `block in call'
  activesupport (4.1.6) lib/active_support/callbacks.rb:82:in `run_callbacks'
  actionpack (4.1.6) lib/action_dispatch/middleware/callbacks.rb:27:in `call'
  actionpack (4.1.6) lib/action_dispatch/middleware/reloader.rb:73:in `call'
  actionpack (4.1.6) lib/action_dispatch/middleware/remote_ip.rb:76:in `call'
  actionpack (4.1.6) lib/action_dispatch/middleware/debug_exceptions.rb:17:in `call'
  actionpack (4.1.6) lib/action_dispatch/middleware/show_exceptions.rb:30:in `call'
  railties (4.1.6) lib/rails/rack/logger.rb:38:in `call_app'
  railties (4.1.6) lib/rails/rack/logger.rb:20:in `block in call'
  activesupport (4.1.6) lib/active_support/tagged_logging.rb:68:in `block in tagged'
  activesupport (4.1.6) lib/active_support/tagged_logging.rb:26:in `tagged'
  activesupport (4.1.6) lib/active_support/tagged_logging.rb:68:in `tagged'
  railties (4.1.6) lib/rails/rack/logger.rb:20:in `call'
  actionpack (4.1.6) lib/action_dispatch/middleware/request_id.rb:21:in `call'
  rack (1.5.2) lib/rack/methodoverride.rb:21:in `call'
  rack (1.5.2) lib/rack/runtime.rb:17:in `call'
  activesupport (4.1.6) lib/active_support/cache/strategy/local_cache_middleware.rb:26:in `call'
  rack (1.5.2) lib/rack/lock.rb:17:in `call'
  actionpack (4.1.6) lib/action_dispatch/middleware/static.rb:64:in `call'
  rack (1.5.2) lib/rack/sendfile.rb:112:in `call'
  railties (4.1.6) lib/rails/engine.rb:514:in `call'
  railties (4.1.6) lib/rails/application.rb:144:in `call'
  rack (1.5.2) lib/rack/lock.rb:17:in `call'
  rack (1.5.2) lib/rack/content_length.rb:14:in `call'
  rack (1.5.2) lib/rack/handler/webrick.rb:60:in `service'
  /home/ubuntu/.rvm/rubies/ruby-2.1.3/lib/ruby/2.1.0/webrick/httpserver.rb:138:in `service'
  /home/ubuntu/.rvm/rubies/ruby-2.1.3/lib/ruby/2.1.0/webrick/httpserver.rb:94:in `run'
  /home/ubuntu/.rvm/rubies/ruby-2.1.3/lib/ruby/2.1.0/webrick/server.rb:295:in `block in start_thread'


  Rendered /home/ubuntu/.rvm/gems/ruby-2.1.3/gems/actionpack-4.1.6/lib/action_dispatch/middleware/templates/rescues/_trace.html.erb (1.2ms)
  Rendered /home/ubuntu/.rvm/gems/ruby-2.1.3/gems/actionpack-4.1.6/lib/action_dispatch/middleware/templates/routes/_route.html.erb (0.6ms)
  Rendered /home/ubuntu/.rvm/gems/ruby-2.1.3/gems/actionpack-4.1.6/lib/action_dispatch/middleware/templates/routes/_table.html.erb (5.5ms)
  Rendered /home/ubuntu/.rvm/gems/ruby-2.1.3/gems/actionpack-4.1.6/lib/action_dispatch/middleware/templates/rescues/routing_error.html.erb within rescues/layout (19.4ms)


Started GET "/" for 50.173.180.208 at 2014-10-07 06:35:54 +0000

ActionController::RoutingError (uninitialized constant HomeController):
  activesupport (4.1.6) lib/active_support/inflector/methods.rb:238:in `const_get'
  activesupport (4.1.6) lib/active_support/inflector/methods.rb:238:in `block in constantize'
  activesupport (4.1.6) lib/active_support/inflector/methods.rb:236:in `each'
  activesupport (4.1.6) lib/active_support/inflector/methods.rb:236:in `inject'
  activesupport (4.1.6) lib/active_support/inflector/methods.rb:236:in `constantize'
  actionpack (4.1.6) lib/action_dispatch/routing/route_set.rb:78:in `controller_reference'
  actionpack (4.1.6) lib/action_dispatch/routing/route_set.rb:68:in `controller'
  actionpack (4.1.6) lib/action_dispatch/routing/route_set.rb:46:in `call'
  actionpack (4.1.6) lib/action_dispatch/journey/router.rb:73:in `block in call'
  actionpack (4.1.6) lib/action_dispatch/journey/router.rb:59:in `each'
  actionpack (4.1.6) lib/action_dispatch/journey/router.rb:59:in `call'
  actionpack (4.1.6) lib/action_dispatch/routing/route_set.rb:678:in `call'
  rack (1.5.2) lib/rack/etag.rb:23:in `call'
  rack (1.5.2) lib/rack/conditionalget.rb:25:in `call'
  rack (1.5.2) lib/rack/head.rb:11:in `call'
  actionpack (4.1.6) lib/action_dispatch/middleware/params_parser.rb:27:in `call'
  actionpack (4.1.6) lib/action_dispatch/middleware/flash.rb:254:in `call'
  rack (1.5.2) lib/rack/session/abstract/id.rb:225:in `context'
  rack (1.5.2) lib/rack/session/abstract/id.rb:220:in `call'
  actionpack (4.1.6) lib/action_dispatch/middleware/cookies.rb:560:in `call'
  activerecord (4.1.6) lib/active_record/query_cache.rb:36:in `call'
  activerecord (4.1.6) lib/active_record/connection_adapters/abstract/connection_pool.rb:621:in `call'
  activerecord (4.1.6) lib/active_record/migration.rb:380:in `call'
  actionpack (4.1.6) lib/action_dispatch/middleware/callbacks.rb:29:in `block in call'
  activesupport (4.1.6) lib/active_support/callbacks.rb:82:in `run_callbacks'
  actionpack (4.1.6) lib/action_dispatch/middleware/callbacks.rb:27:in `call'
  actionpack (4.1.6) lib/action_dispatch/middleware/reloader.rb:73:in `call'
  actionpack (4.1.6) lib/action_dispatch/middleware/remote_ip.rb:76:in `call'
  actionpack (4.1.6) lib/action_dispatch/middleware/debug_exceptions.rb:17:in `call'
  actionpack (4.1.6) lib/action_dispatch/middleware/show_exceptions.rb:30:in `call'
  railties (4.1.6) lib/rails/rack/logger.rb:38:in `call_app'
  railties (4.1.6) lib/rails/rack/logger.rb:20:in `block in call'
  activesupport (4.1.6) lib/active_support/tagged_logging.rb:68:in `block in tagged'
  activesupport (4.1.6) lib/active_support/tagged_logging.rb:26:in `tagged'
  activesupport (4.1.6) lib/active_support/tagged_logging.rb:68:in `tagged'
  railties (4.1.6) lib/rails/rack/logger.rb:20:in `call'
  actionpack (4.1.6) lib/action_dispatch/middleware/request_id.rb:21:in `call'
  rack (1.5.2) lib/rack/methodoverride.rb:21:in `call'
  rack (1.5.2) lib/rack/runtime.rb:17:in `call'
  activesupport (4.1.6) lib/active_support/cache/strategy/local_cache_middleware.rb:26:in `call'
  rack (1.5.2) lib/rack/lock.rb:17:in `call'
  actionpack (4.1.6) lib/action_dispatch/middleware/static.rb:64:in `call'
  rack (1.5.2) lib/rack/sendfile.rb:112:in `call'
  railties (4.1.6) lib/rails/engine.rb:514:in `call'
  railties (4.1.6) lib/rails/application.rb:144:in `call'
  rack (1.5.2) lib/rack/lock.rb:17:in `call'
  rack (1.5.2) lib/rack/content_length.rb:14:in `call'
  rack (1.5.2) lib/rack/handler/webrick.rb:60:in `service'
  /home/ubuntu/.rvm/rubies/ruby-2.1.3/lib/ruby/2.1.0/webrick/httpserver.rb:138:in `service'
  /home/ubuntu/.rvm/rubies/ruby-2.1.3/lib/ruby/2.1.0/webrick/httpserver.rb:94:in `run'
  /home/ubuntu/.rvm/rubies/ruby-2.1.3/lib/ruby/2.1.0/webrick/server.rb:295:in `block in start_thread'


  Rendered /home/ubuntu/.rvm/gems/ruby-2.1.3/gems/actionpack-4.1.6/lib/action_dispatch/middleware/templates/rescues/_trace.html.erb (21.7ms)
  Rendered /home/ubuntu/.rvm/gems/ruby-2.1.3/gems/actionpack-4.1.6/lib/action_dispatch/middleware/templates/routes/_route.html.erb (21.2ms)
  Rendered /home/ubuntu/.rvm/gems/ruby-2.1.3/gems/actionpack-4.1.6/lib/action_dispatch/middleware/templates/routes/_table.html.erb (21.5ms)
  Rendered /home/ubuntu/.rvm/gems/ruby-2.1.3/gems/actionpack-4.1.6/lib/action_dispatch/middleware/templates/rescues/routing_error.html.erb within rescues/layout (117.6ms)


Started GET "/" for 50.173.180.208 at 2014-10-07 06:35:56 +0000

ActionController::RoutingError (uninitialized constant HomeController):
  activesupport (4.1.6) lib/active_support/inflector/methods.rb:238:in `const_get'
  activesupport (4.1.6) lib/active_support/inflector/methods.rb:238:in `block in constantize'
  activesupport (4.1.6) lib/active_support/inflector/methods.rb:236:in `each'
  activesupport (4.1.6) lib/active_support/inflector/methods.rb:236:in `inject'
  activesupport (4.1.6) lib/active_support/inflector/methods.rb:236:in `constantize'
  actionpack (4.1.6) lib/action_dispatch/routing/route_set.rb:78:in `controller_reference'
  actionpack (4.1.6) lib/action_dispatch/routing/route_set.rb:68:in `controller'
  actionpack (4.1.6) lib/action_dispatch/routing/route_set.rb:46:in `call'
  actionpack (4.1.6) lib/action_dispatch/journey/router.rb:73:in `block in call'
  actionpack (4.1.6) lib/action_dispatch/journey/router.rb:59:in `each'
  actionpack (4.1.6) lib/action_dispatch/journey/router.rb:59:in `call'
  actionpack (4.1.6) lib/action_dispatch/routing/route_set.rb:678:in `call'
  rack (1.5.2) lib/rack/etag.rb:23:in `call'
  rack (1.5.2) lib/rack/conditionalget.rb:25:in `call'
  rack (1.5.2) lib/rack/head.rb:11:in `call'
  actionpack (4.1.6) lib/action_dispatch/middleware/params_parser.rb:27:in `call'
  actionpack (4.1.6) lib/action_dispatch/middleware/flash.rb:254:in `call'
  rack (1.5.2) lib/rack/session/abstract/id.rb:225:in `context'
  rack (1.5.2) lib/rack/session/abstract/id.rb:220:in `call'
  actionpack (4.1.6) lib/action_dispatch/middleware/cookies.rb:560:in `call'
  activerecord (4.1.6) lib/active_record/query_cache.rb:36:in `call'
  activerecord (4.1.6) lib/active_record/connection_adapters/abstract/connection_pool.rb:621:in `call'
  activerecord (4.1.6) lib/active_record/migration.rb:380:in `call'
  actionpack (4.1.6) lib/action_dispatch/middleware/callbacks.rb:29:in `block in call'
  activesupport (4.1.6) lib/active_support/callbacks.rb:82:in `run_callbacks'
  actionpack (4.1.6) lib/action_dispatch/middleware/callbacks.rb:27:in `call'
  actionpack (4.1.6) lib/action_dispatch/middleware/reloader.rb:73:in `call'
  actionpack (4.1.6) lib/action_dispatch/middleware/remote_ip.rb:76:in `call'
  actionpack (4.1.6) lib/action_dispatch/middleware/debug_exceptions.rb:17:in `call'
  actionpack (4.1.6) lib/action_dispatch/middleware/show_exceptions.rb:30:in `call'
  railties (4.1.6) lib/rails/rack/logger.rb:38:in `call_app'
  railties (4.1.6) lib/rails/rack/logger.rb:20:in `block in call'
  activesupport (4.1.6) lib/active_support/tagged_logging.rb:68:in `block in tagged'
  activesupport (4.1.6) lib/active_support/tagged_logging.rb:26:in `tagged'
  activesupport (4.1.6) lib/active_support/tagged_logging.rb:68:in `tagged'
  railties (4.1.6) lib/rails/rack/logger.rb:20:in `call'
  actionpack (4.1.6) lib/action_dispatch/middleware/request_id.rb:21:in `call'
  rack (1.5.2) lib/rack/methodoverride.rb:21:in `call'
  rack (1.5.2) lib/rack/runtime.rb:17:in `call'
  activesupport (4.1.6) lib/active_support/cache/strategy/local_cache_middleware.rb:26:in `call'
  rack (1.5.2) lib/rack/lock.rb:17:in `call'
  actionpack (4.1.6) lib/action_dispatch/middleware/static.rb:64:in `call'
  rack (1.5.2) lib/rack/sendfile.rb:112:in `call'
  railties (4.1.6) lib/rails/engine.rb:514:in `call'
  railties (4.1.6) lib/rails/application.rb:144:in `call'
  rack (1.5.2) lib/rack/lock.rb:17:in `call'
  rack (1.5.2) lib/rack/content_length.rb:14:in `call'
  rack (1.5.2) lib/rack/handler/webrick.rb:60:in `service'
  /home/ubuntu/.rvm/rubies/ruby-2.1.3/lib/ruby/2.1.0/webrick/httpserver.rb:138:in `service'
  /home/ubuntu/.rvm/rubies/ruby-2.1.3/lib/ruby/2.1.0/webrick/httpserver.rb:94:in `run'
  /home/ubuntu/.rvm/rubies/ruby-2.1.3/lib/ruby/2.1.0/webrick/server.rb:295:in `block in start_thread'


  Rendered /home/ubuntu/.rvm/gems/ruby-2.1.3/gems/actionpack-4.1.6/lib/action_dispatch/middleware/templates/rescues/_trace.html.erb (1.0ms)
  Rendered /home/ubuntu/.rvm/gems/ruby-2.1.3/gems/actionpack-4.1.6/lib/action_dispatch/middleware/templates/routes/_route.html.erb (0.6ms)
  Rendered /home/ubuntu/.rvm/gems/ruby-2.1.3/gems/actionpack-4.1.6/lib/action_dispatch/middleware/templates/routes/_table.html.erb (0.9ms)
  Rendered /home/ubuntu/.rvm/gems/ruby-2.1.3/gems/actionpack-4.1.6/lib/action_dispatch/middleware/templates/rescues/routing_error.html.erb within rescues/layout (11.3ms)


Started GET "/" for 50.173.180.208 at 2014-10-07 06:36:06 +0000
Processing by Rails::WelcomeController#index as HTML
  Rendered /home/ubuntu/.rvm/gems/ruby-2.1.3/gems/railties-4.1.6/lib/rails/templates/rails/welcome/index.html.erb (0.1ms)
Completed 200 OK in 1ms (Views: 0.9ms | ActiveRecord: 0.0ms)


Started GET "/" for 132.241.217.240 at 2014-10-07 22:45:09 +0000
Processing by Rails::WelcomeController#index as HTML
  Rendered /home/ubuntu/.rvm/gems/ruby-2.1.3/gems/railties-4.1.6/lib/rails/templates/rails/welcome/index.html.erb (1.2ms)
Completed 200 OK in 12ms (Views: 4.8ms | ActiveRecord: 0.0ms)


Started GET "/" for 132.241.217.240 at 2014-10-07 22:45:14 +0000
Processing by Rails::WelcomeController#index as HTML
  Rendered /home/ubuntu/.rvm/gems/ruby-2.1.3/gems/railties-4.1.6/lib/rails/templates/rails/welcome/index.html.erb (0.1ms)
Completed 200 OK in 1ms (Views: 0.9ms | ActiveRecord: 0.0ms)


Started GET "/" for 132.241.217.240 at 2014-10-08 18:56:25 +0000
Processing by Rails::WelcomeController#index as HTML
  Rendered /home/ubuntu/.rvm/gems/ruby-2.1.3/gems/railties-4.1.6/lib/rails/templates/rails/welcome/index.html.erb (1.1ms)
Completed 200 OK in 14ms (Views: 6.2ms | ActiveRecord: 0.0ms)


Started GET "/" for 132.241.217.240 at 2014-10-09 04:11:47 +0000

ActionController::RoutingError (uninitialized constant HomeController):
  activesupport (4.1.6) lib/active_support/inflector/methods.rb:238:in `const_get'
  activesupport (4.1.6) lib/active_support/inflector/methods.rb:238:in `block in constantize'
  activesupport (4.1.6) lib/active_support/inflector/methods.rb:236:in `each'
  activesupport (4.1.6) lib/active_support/inflector/methods.rb:236:in `inject'
  activesupport (4.1.6) lib/active_support/inflector/methods.rb:236:in `constantize'
  actionpack (4.1.6) lib/action_dispatch/routing/route_set.rb:78:in `controller_reference'
  actionpack (4.1.6) lib/action_dispatch/routing/route_set.rb:68:in `controller'
  actionpack (4.1.6) lib/action_dispatch/routing/route_set.rb:46:in `call'
  actionpack (4.1.6) lib/action_dispatch/journey/router.rb:73:in `block in call'
  actionpack (4.1.6) lib/action_dispatch/journey/router.rb:59:in `each'
  actionpack (4.1.6) lib/action_dispatch/journey/router.rb:59:in `call'
  actionpack (4.1.6) lib/action_dispatch/routing/route_set.rb:678:in `call'
  rack (1.5.2) lib/rack/etag.rb:23:in `call'
  rack (1.5.2) lib/rack/conditionalget.rb:25:in `call'
  rack (1.5.2) lib/rack/head.rb:11:in `call'
  actionpack (4.1.6) lib/action_dispatch/middleware/params_parser.rb:27:in `call'
  actionpack (4.1.6) lib/action_dispatch/middleware/flash.rb:254:in `call'
  rack (1.5.2) lib/rack/session/abstract/id.rb:225:in `context'
  rack (1.5.2) lib/rack/session/abstract/id.rb:220:in `call'
  actionpack (4.1.6) lib/action_dispatch/middleware/cookies.rb:560:in `call'
  activerecord (4.1.6) lib/active_record/query_cache.rb:36:in `call'
  activerecord (4.1.6) lib/active_record/connection_adapters/abstract/connection_pool.rb:621:in `call'
  activerecord (4.1.6) lib/active_record/migration.rb:380:in `call'
  actionpack (4.1.6) lib/action_dispatch/middleware/callbacks.rb:29:in `block in call'
  activesupport (4.1.6) lib/active_support/callbacks.rb:82:in `run_callbacks'
  actionpack (4.1.6) lib/action_dispatch/middleware/callbacks.rb:27:in `call'
  actionpack (4.1.6) lib/action_dispatch/middleware/reloader.rb:73:in `call'
  actionpack (4.1.6) lib/action_dispatch/middleware/remote_ip.rb:76:in `call'
  actionpack (4.1.6) lib/action_dispatch/middleware/debug_exceptions.rb:17:in `call'
  actionpack (4.1.6) lib/action_dispatch/middleware/show_exceptions.rb:30:in `call'
  railties (4.1.6) lib/rails/rack/logger.rb:38:in `call_app'
  railties (4.1.6) lib/rails/rack/logger.rb:20:in `block in call'
  activesupport (4.1.6) lib/active_support/tagged_logging.rb:68:in `block in tagged'
  activesupport (4.1.6) lib/active_support/tagged_logging.rb:26:in `tagged'
  activesupport (4.1.6) lib/active_support/tagged_logging.rb:68:in `tagged'
  railties (4.1.6) lib/rails/rack/logger.rb:20:in `call'
  actionpack (4.1.6) lib/action_dispatch/middleware/request_id.rb:21:in `call'
  rack (1.5.2) lib/rack/methodoverride.rb:21:in `call'
  rack (1.5.2) lib/rack/runtime.rb:17:in `call'
  activesupport (4.1.6) lib/active_support/cache/strategy/local_cache_middleware.rb:26:in `call'
  rack (1.5.2) lib/rack/lock.rb:17:in `call'
  actionpack (4.1.6) lib/action_dispatch/middleware/static.rb:64:in `call'
  rack (1.5.2) lib/rack/sendfile.rb:112:in `call'
  railties (4.1.6) lib/rails/engine.rb:514:in `call'
  railties (4.1.6) lib/rails/application.rb:144:in `call'
  rack (1.5.2) lib/rack/lock.rb:17:in `call'
  rack (1.5.2) lib/rack/content_length.rb:14:in `call'
  rack (1.5.2) lib/rack/handler/webrick.rb:60:in `service'
  /home/ubuntu/.rvm/rubies/ruby-2.1.3/lib/ruby/2.1.0/webrick/httpserver.rb:138:in `service'
  /home/ubuntu/.rvm/rubies/ruby-2.1.3/lib/ruby/2.1.0/webrick/httpserver.rb:94:in `run'
  /home/ubuntu/.rvm/rubies/ruby-2.1.3/lib/ruby/2.1.0/webrick/server.rb:295:in `block in start_thread'


  Rendered /home/ubuntu/.rvm/gems/ruby-2.1.3/gems/actionpack-4.1.6/lib/action_dispatch/middleware/templates/rescues/_trace.html.erb (1.0ms)
  Rendered /home/ubuntu/.rvm/gems/ruby-2.1.3/gems/actionpack-4.1.6/lib/action_dispatch/middleware/templates/routes/_route.html.erb (0.6ms)
  Rendered /home/ubuntu/.rvm/gems/ruby-2.1.3/gems/actionpack-4.1.6/lib/action_dispatch/middleware/templates/routes/_table.html.erb (6.5ms)
  Rendered /home/ubuntu/.rvm/gems/ruby-2.1.3/gems/actionpack-4.1.6/lib/action_dispatch/middleware/templates/rescues/routing_error.html.erb within rescues/layout (22.4ms)


Started GET "/" for 132.241.217.240 at 2014-10-09 04:48:56 +0000

ActionController::RoutingError (uninitialized constant HomeController):
  activesupport (4.1.6) lib/active_support/inflector/methods.rb:238:in `const_get'
  activesupport (4.1.6) lib/active_support/inflector/methods.rb:238:in `block in constantize'
  activesupport (4.1.6) lib/active_support/inflector/methods.rb:236:in `each'
  activesupport (4.1.6) lib/active_support/inflector/methods.rb:236:in `inject'
  activesupport (4.1.6) lib/active_support/inflector/methods.rb:236:in `constantize'
  actionpack (4.1.6) lib/action_dispatch/routing/route_set.rb:78:in `controller_reference'
  actionpack (4.1.6) lib/action_dispatch/routing/route_set.rb:68:in `controller'
  actionpack (4.1.6) lib/action_dispatch/routing/route_set.rb:46:in `call'
  actionpack (4.1.6) lib/action_dispatch/journey/router.rb:73:in `block in call'
  actionpack (4.1.6) lib/action_dispatch/journey/router.rb:59:in `each'
  actionpack (4.1.6) lib/action_dispatch/journey/router.rb:59:in `call'
  actionpack (4.1.6) lib/action_dispatch/routing/route_set.rb:678:in `call'
  rack (1.5.2) lib/rack/etag.rb:23:in `call'
  rack (1.5.2) lib/rack/conditionalget.rb:25:in `call'
  rack (1.5.2) lib/rack/head.rb:11:in `call'
  actionpack (4.1.6) lib/action_dispatch/middleware/params_parser.rb:27:in `call'
  actionpack (4.1.6) lib/action_dispatch/middleware/flash.rb:254:in `call'
  rack (1.5.2) lib/rack/session/abstract/id.rb:225:in `context'
  rack (1.5.2) lib/rack/session/abstract/id.rb:220:in `call'
  actionpack (4.1.6) lib/action_dispatch/middleware/cookies.rb:560:in `call'
  activerecord (4.1.6) lib/active_record/query_cache.rb:36:in `call'
  activerecord (4.1.6) lib/active_record/connection_adapters/abstract/connection_pool.rb:621:in `call'
  activerecord (4.1.6) lib/active_record/migration.rb:380:in `call'
  actionpack (4.1.6) lib/action_dispatch/middleware/callbacks.rb:29:in `block in call'
  activesupport (4.1.6) lib/active_support/callbacks.rb:82:in `run_callbacks'
  actionpack (4.1.6) lib/action_dispatch/middleware/callbacks.rb:27:in `call'
  actionpack (4.1.6) lib/action_dispatch/middleware/reloader.rb:73:in `call'
  actionpack (4.1.6) lib/action_dispatch/middleware/remote_ip.rb:76:in `call'
  actionpack (4.1.6) lib/action_dispatch/middleware/debug_exceptions.rb:17:in `call'
  actionpack (4.1.6) lib/action_dispatch/middleware/show_exceptions.rb:30:in `call'
  railties (4.1.6) lib/rails/rack/logger.rb:38:in `call_app'
  railties (4.1.6) lib/rails/rack/logger.rb:20:in `block in call'
  activesupport (4.1.6) lib/active_support/tagged_logging.rb:68:in `block in tagged'
  activesupport (4.1.6) lib/active_support/tagged_logging.rb:26:in `tagged'
  activesupport (4.1.6) lib/active_support/tagged_logging.rb:68:in `tagged'
  railties (4.1.6) lib/rails/rack/logger.rb:20:in `call'
  actionpack (4.1.6) lib/action_dispatch/middleware/request_id.rb:21:in `call'
  rack (1.5.2) lib/rack/methodoverride.rb:21:in `call'
  rack (1.5.2) lib/rack/runtime.rb:17:in `call'
  activesupport (4.1.6) lib/active_support/cache/strategy/local_cache_middleware.rb:26:in `call'
  rack (1.5.2) lib/rack/lock.rb:17:in `call'
  actionpack (4.1.6) lib/action_dispatch/middleware/static.rb:64:in `call'
  rack (1.5.2) lib/rack/sendfile.rb:112:in `call'
  railties (4.1.6) lib/rails/engine.rb:514:in `call'
  railties (4.1.6) lib/rails/application.rb:144:in `call'
  rack (1.5.2) lib/rack/lock.rb:17:in `call'
  rack (1.5.2) lib/rack/content_length.rb:14:in `call'
  rack (1.5.2) lib/rack/handler/webrick.rb:60:in `service'
  /home/ubuntu/.rvm/rubies/ruby-2.1.3/lib/ruby/2.1.0/webrick/httpserver.rb:138:in `service'
  /home/ubuntu/.rvm/rubies/ruby-2.1.3/lib/ruby/2.1.0/webrick/httpserver.rb:94:in `run'
  /home/ubuntu/.rvm/rubies/ruby-2.1.3/lib/ruby/2.1.0/webrick/server.rb:295:in `block in start_thread'


  Rendered /home/ubuntu/.rvm/gems/ruby-2.1.3/gems/actionpack-4.1.6/lib/action_dispatch/middleware/templates/rescues/_trace.html.erb (1.1ms)
  Rendered /home/ubuntu/.rvm/gems/ruby-2.1.3/gems/actionpack-4.1.6/lib/action_dispatch/middleware/templates/routes/_route.html.erb (0.6ms)
  Rendered /home/ubuntu/.rvm/gems/ruby-2.1.3/gems/actionpack-4.1.6/lib/action_dispatch/middleware/templates/routes/_table.html.erb (6.5ms)
  Rendered /home/ubuntu/.rvm/gems/ruby-2.1.3/gems/actionpack-4.1.6/lib/action_dispatch/middleware/templates/rescues/routing_error.html.erb within rescues/layout (20.5ms)


Started GET "/" for 132.241.217.240 at 2014-10-09 05:57:41 +0000

ActionController::RoutingError (uninitialized constant HomeController):
  activesupport (4.1.6) lib/active_support/inflector/methods.rb:238:in `const_get'
  activesupport (4.1.6) lib/active_support/inflector/methods.rb:238:in `block in constantize'
  activesupport (4.1.6) lib/active_support/inflector/methods.rb:236:in `each'
  activesupport (4.1.6) lib/active_support/inflector/methods.rb:236:in `inject'
  activesupport (4.1.6) lib/active_support/inflector/methods.rb:236:in `constantize'
  actionpack (4.1.6) lib/action_dispatch/routing/route_set.rb:78:in `controller_reference'
  actionpack (4.1.6) lib/action_dispatch/routing/route_set.rb:68:in `controller'
  actionpack (4.1.6) lib/action_dispatch/routing/route_set.rb:46:in `call'
  actionpack (4.1.6) lib/action_dispatch/journey/router.rb:73:in `block in call'
  actionpack (4.1.6) lib/action_dispatch/journey/router.rb:59:in `each'
  actionpack (4.1.6) lib/action_dispatch/journey/router.rb:59:in `call'
  actionpack (4.1.6) lib/action_dispatch/routing/route_set.rb:678:in `call'
  rack (1.5.2) lib/rack/etag.rb:23:in `call'
  rack (1.5.2) lib/rack/conditionalget.rb:25:in `call'
  rack (1.5.2) lib/rack/head.rb:11:in `call'
  actionpack (4.1.6) lib/action_dispatch/middleware/params_parser.rb:27:in `call'
  actionpack (4.1.6) lib/action_dispatch/middleware/flash.rb:254:in `call'
  rack (1.5.2) lib/rack/session/abstract/id.rb:225:in `context'
  rack (1.5.2) lib/rack/session/abstract/id.rb:220:in `call'
  actionpack (4.1.6) lib/action_dispatch/middleware/cookies.rb:560:in `call'
  activerecord (4.1.6) lib/active_record/query_cache.rb:36:in `call'
  activerecord (4.1.6) lib/active_record/connection_adapters/abstract/connection_pool.rb:621:in `call'
  activerecord (4.1.6) lib/active_record/migration.rb:380:in `call'
  actionpack (4.1.6) lib/action_dispatch/middleware/callbacks.rb:29:in `block in call'
  activesupport (4.1.6) lib/active_support/callbacks.rb:82:in `run_callbacks'
  actionpack (4.1.6) lib/action_dispatch/middleware/callbacks.rb:27:in `call'
  actionpack (4.1.6) lib/action_dispatch/middleware/reloader.rb:73:in `call'
  actionpack (4.1.6) lib/action_dispatch/middleware/remote_ip.rb:76:in `call'
  actionpack (4.1.6) lib/action_dispatch/middleware/debug_exceptions.rb:17:in `call'
  actionpack (4.1.6) lib/action_dispatch/middleware/show_exceptions.rb:30:in `call'
  railties (4.1.6) lib/rails/rack/logger.rb:38:in `call_app'
  railties (4.1.6) lib/rails/rack/logger.rb:20:in `block in call'
  activesupport (4.1.6) lib/active_support/tagged_logging.rb:68:in `block in tagged'
  activesupport (4.1.6) lib/active_support/tagged_logging.rb:26:in `tagged'
  activesupport (4.1.6) lib/active_support/tagged_logging.rb:68:in `tagged'
  railties (4.1.6) lib/rails/rack/logger.rb:20:in `call'
  actionpack (4.1.6) lib/action_dispatch/middleware/request_id.rb:21:in `call'
  rack (1.5.2) lib/rack/methodoverride.rb:21:in `call'
  rack (1.5.2) lib/rack/runtime.rb:17:in `call'
  activesupport (4.1.6) lib/active_support/cache/strategy/local_cache_middleware.rb:26:in `call'
  rack (1.5.2) lib/rack/lock.rb:17:in `call'
  actionpack (4.1.6) lib/action_dispatch/middleware/static.rb:64:in `call'
  rack (1.5.2) lib/rack/sendfile.rb:112:in `call'
  railties (4.1.6) lib/rails/engine.rb:514:in `call'
  railties (4.1.6) lib/rails/application.rb:144:in `call'
  rack (1.5.2) lib/rack/lock.rb:17:in `call'
  rack (1.5.2) lib/rack/content_length.rb:14:in `call'
  rack (1.5.2) lib/rack/handler/webrick.rb:60:in `service'
  /home/ubuntu/.rvm/rubies/ruby-2.1.3/lib/ruby/2.1.0/webrick/httpserver.rb:138:in `service'
  /home/ubuntu/.rvm/rubies/ruby-2.1.3/lib/ruby/2.1.0/webrick/httpserver.rb:94:in `run'
  /home/ubuntu/.rvm/rubies/ruby-2.1.3/lib/ruby/2.1.0/webrick/server.rb:295:in `block in start_thread'


  Rendered /home/ubuntu/.rvm/gems/ruby-2.1.3/gems/actionpack-4.1.6/lib/action_dispatch/middleware/templates/rescues/_trace.html.erb (1.1ms)
  Rendered /home/ubuntu/.rvm/gems/ruby-2.1.3/gems/actionpack-4.1.6/lib/action_dispatch/middleware/templates/routes/_route.html.erb (0.7ms)
  Rendered /home/ubuntu/.rvm/gems/ruby-2.1.3/gems/actionpack-4.1.6/lib/action_dispatch/middleware/templates/routes/_table.html.erb (6.1ms)
  Rendered /home/ubuntu/.rvm/gems/ruby-2.1.3/gems/actionpack-4.1.6/lib/action_dispatch/middleware/templates/rescues/routing_error.html.erb within rescues/layout (19.3ms)


Started GET "/" for 132.241.217.240 at 2014-10-09 05:59:52 +0000
Processing by HomeController#index as HTML
  Rendered home/index.html.erb within layouts/application (1.0ms)
Completed 200 OK in 409ms (Views: 401.3ms | ActiveRecord: 0.0ms)


Started GET "/assets/application.css?body=1" for 132.241.217.240 at 2014-10-09 05:59:53 +0000


Started GET "/assets/jquery.js?body=1" for 132.241.217.240 at 2014-10-09 05:59:53 +0000


Started GET "/assets/jquery_ujs.js?body=1" for 132.241.217.240 at 2014-10-09 05:59:53 +0000


Started GET "/assets/turbolinks.js?body=1" for 132.241.217.240 at 2014-10-09 05:59:53 +0000


Started GET "/assets/application.js?body=1" for 132.241.217.240 at 2014-10-09 05:59:53 +0000


Started GET "/" for 132.241.217.240 at 2014-10-10 16:45:16 +0000
Processing by HomeController#index as HTML
  Rendered home/index.html.erb within layouts/application (2.6ms)
Completed 200 OK in 49ms (Views: 41.4ms | ActiveRecord: 0.0ms)


Started GET "/assets/application.css?body=1" for 132.241.217.240 at 2014-10-10 16:45:16 +0000


Started GET "/assets/application.js?body=1" for 132.241.217.240 at 2014-10-10 16:45:16 +0000


Started GET "/assets/jquery_ujs.js?body=1" for 132.241.217.240 at 2014-10-10 16:45:16 +0000


Started GET "/assets/jquery.js?body=1" for 132.241.217.240 at 2014-10-10 16:45:16 +0000


Started GET "/step5?utf8=%E2%9C%93&step1=dork&step2=&step3=&step4=&step5=&commit=Check+Answer" for 132.241.217.240 at 2014-10-10 16:45:20 +0000
Processing by HomeController#show as HTML
  Parameters: {"utf8"=>"✓", "step1"=>"dork", "step2"=>"", "step3"=>"", "step4"=>"", "step5"=>"", "commit"=>"Check Answer"}
  Rendered home/show.html.erb within layouts/application (0.7ms)
Completed 200 OK in 24ms (Views: 21.8ms | ActiveRecord: 0.0ms)


Started GET "/assets/jquery_ujs.js?body=1" for 132.241.217.240 at 2014-10-10 16:45:20 +0000


Started GET "/assets/jquery.js?body=1" for 132.241.217.240 at 2014-10-10 16:45:20 +0000


Started GET "/assets/application.js?body=1" for 132.241.217.240 at 2014-10-10 16:45:20 +0000


Started GET "/assets/application.css?body=1" for 132.241.217.240 at 2014-10-10 16:45:20 +0000


Started GET "/" for 132.241.217.240 at 2014-10-10 16:47:10 +0000
Processing by HomeController#index as HTML
  Rendered home/index.html.erb within layouts/application (0.7ms)
Completed 200 OK in 23ms (Views: 22.8ms | ActiveRecord: 0.0ms)


Started GET "/assets/application.css?body=1" for 132.241.217.240 at 2014-10-10 16:47:10 +0000


Started GET "/assets/jquery.js?body=1" for 132.241.217.240 at 2014-10-10 16:47:10 +0000


Started GET "/assets/jquery_ujs.js?body=1" for 132.241.217.240 at 2014-10-10 16:47:10 +0000


Started GET "/assets/application.js?body=1" for 132.241.217.240 at 2014-10-10 16:47:10 +0000


Started GET "/step5?utf8=%E2%9C%93&step1=dork&step2=&step3=&step4=&step5=&commit=Check+Answer" for 132.241.217.240 at 2014-10-10 16:47:21 +0000
Processing by HomeController#show as HTML
  Parameters: {"utf8"=>"✓", "step1"=>"dork", "step2"=>"", "step3"=>"", "step4"=>"", "step5"=>"", "commit"=>"Check Answer"}
  Rendered home/show.html.erb within layouts/application (0.2ms)
Completed 200 OK in 23ms (Views: 20.9ms | ActiveRecord: 0.0ms)


Started GET "/assets/jquery_ujs.js?body=1" for 132.241.217.240 at 2014-10-10 16:47:21 +0000


Started GET "/assets/application.js?body=1" for 132.241.217.240 at 2014-10-10 16:47:21 +0000


Started GET "/assets/jquery.js?body=1" for 132.241.217.240 at 2014-10-10 16:47:21 +0000


Started GET "/assets/application.css?body=1" for 132.241.217.240 at 2014-10-10 16:47:21 +0000


Started GET "/" for 132.241.217.240 at 2014-10-10 16:48:26 +0000
Processing by HomeController#index as HTML
  Rendered home/index.html.erb within layouts/application (0.6ms)
Completed 200 OK in 22ms (Views: 20.6ms | ActiveRecord: 0.0ms)


Started GET "/assets/jquery.js?body=1" for 132.241.217.240 at 2014-10-10 16:48:26 +0000


Started GET "/assets/jquery_ujs.js?body=1" for 132.241.217.240 at 2014-10-10 16:48:26 +0000


Started GET "/assets/application.css?body=1" for 132.241.217.240 at 2014-10-10 16:48:26 +0000


Started GET "/assets/turbolinks.js?body=1" for 132.241.217.240 at 2014-10-10 16:48:26 +0000


Started GET "/assets/application.js?body=1" for 132.241.217.240 at 2014-10-10 16:48:26 +0000


Started GET "/" for 132.241.217.240 at 2014-10-10 16:48:47 +0000
Processing by HomeController#index as HTML
  Rendered home/index.html.erb within layouts/application (0.5ms)
Completed 200 OK in 21ms (Views: 20.4ms | ActiveRecord: 0.0ms)


Started GET "/assets/application.css?body=1" for 132.241.217.240 at 2014-10-10 16:48:47 +0000


Started GET "/assets/jquery.js?body=1" for 132.241.217.240 at 2014-10-10 16:48:47 +0000


Started GET "/assets/jquery_ujs.js?body=1" for 132.241.217.240 at 2014-10-10 16:48:47 +0000


Started GET "/assets/turbolinks.js?body=1" for 132.241.217.240 at 2014-10-10 16:48:47 +0000


Started GET "/assets/application.js?body=1" for 132.241.217.240 at 2014-10-10 16:48:47 +0000


Started GET "/step5?utf8=%E2%9C%93&step1=tame&step2=tams&step3=&step4=&step5=&commit=Check+Answer" for 132.241.217.240 at 2014-10-10 16:49:41 +0000
Processing by HomeController#show as HTML
  Parameters: {"utf8"=>"✓", "step1"=>"tame", "step2"=>"tams", "step3"=>"", "step4"=>"", "step5"=>"", "commit"=>"Check Answer"}
  Rendered home/show.html.erb within layouts/application (0.2ms)
Completed 200 OK in 21ms (Views: 19.6ms | ActiveRecord: 0.0ms)


Started GET "/assets/application.css?body=1" for 132.241.217.240 at 2014-10-10 16:49:41 +0000


Started GET "/assets/jquery.js?body=1" for 132.241.217.240 at 2014-10-10 16:49:41 +0000


Started GET "/assets/application.js?body=1" for 132.241.217.240 at 2014-10-10 16:49:41 +0000


Started GET "/assets/jquery_ujs.js?body=1" for 132.241.217.240 at 2014-10-10 16:49:41 +0000


Started GET "/assets/turbolinks.js?body=1" for 132.241.217.240 at 2014-10-10 16:49:41 +0000


Started GET "/step5?utf8=%E2%9C%93&step1=tame&step2=tama&step3=&step4=&step5=&commit=Check+Answer" for 132.241.217.240 at 2014-10-10 16:49:46 +0000
Processing by HomeController#show as HTML
  Parameters: {"utf8"=>"✓", "step1"=>"tame", "step2"=>"tama", "step3"=>"", "step4"=>"", "step5"=>"", "commit"=>"Check Answer"}
  Rendered home/show.html.erb within layouts/application (0.2ms)
Completed 200 OK in 22ms (Views: 20.4ms | ActiveRecord: 0.0ms)


Started GET "/assets/turbolinks.js?body=1" for 132.241.217.240 at 2014-10-10 16:49:47 +0000


Started GET "/assets/jquery_ujs.js?body=1" for 132.241.217.240 at 2014-10-10 16:49:47 +0000


Started GET "/assets/application.js?body=1" for 132.241.217.240 at 2014-10-10 16:49:47 +0000


Started GET "/assets/jquery.js?body=1" for 132.241.217.240 at 2014-10-10 16:49:47 +0000


Started GET "/assets/application.css?body=1" for 132.241.217.240 at 2014-10-10 16:49:47 +0000


Started GET "/" for 132.241.217.240 at 2014-10-10 16:55:09 +0000
Processing by HomeController#index as HTML
  Rendered home/index.html.erb within layouts/application (1.9ms)
Completed 200 OK in 45ms (Views: 37.1ms | ActiveRecord: 0.0ms)


Started GET "/assets/jquery.js?body=1" for 132.241.217.240 at 2014-10-10 16:55:09 +0000


Started GET "/assets/application.css?body=1" for 132.241.217.240 at 2014-10-10 16:55:09 +0000


Started GET "/assets/jquery_ujs.js?body=1" for 132.241.217.240 at 2014-10-10 16:55:09 +0000


Started GET "/assets/application.js?body=1" for 132.241.217.240 at 2014-10-10 16:55:09 +0000


Started GET "/assets/turbolinks.js?body=1" for 132.241.217.240 at 2014-10-10 16:55:09 +0000


Started GET "/step5?utf8=%E2%9C%93&step1=asdf&step2=fa&step3=&step4=&step5=&commit=Check+Answer" for 132.241.217.240 at 2014-10-10 16:55:15 +0000
Processing by HomeController#show as HTML
  Parameters: {"utf8"=>"✓", "step1"=>"asdf", "step2"=>"fa", "step3"=>"", "step4"=>"", "step5"=>"", "commit"=>"Check Answer"}
  Rendered home/show.html.erb within layouts/application (8.1ms)
Completed 500 Internal Server Error in 11ms

ActionView::Template::Error (undefined local variable or method `ary' for #<#<Class:0x000000053febc0>:0x000000032da278>):
    1: <% ary.each do |word, i| %>
    2:   <%= word  %><br>
    3: <% end %>
    4: <br>
  app/views/home/show.html.erb:1:in `_app_views_home_show_html_erb__1518348440426628768_26778680'


  Rendered /home/ubuntu/.rvm/gems/ruby-2.1.3/gems/actionpack-4.1.6/lib/action_dispatch/middleware/templates/rescues/_trace.html.erb (1.1ms)
  Rendered /home/ubuntu/.rvm/gems/ruby-2.1.3/gems/actionpack-4.1.6/lib/action_dispatch/middleware/templates/rescues/_request_and_response.html.erb (0.9ms)
  Rendered /home/ubuntu/.rvm/gems/ruby-2.1.3/gems/actionpack-4.1.6/lib/action_dispatch/middleware/templates/rescues/template_error.html.erb within rescues/layout (9.0ms)


Started GET "/" for 132.241.217.240 at 2014-10-10 16:55:50 +0000
Processing by HomeController#index as HTML
  Rendered home/index.html.erb within layouts/application (0.7ms)
Completed 200 OK in 23ms (Views: 22.0ms | ActiveRecord: 0.0ms)


Started GET "/assets/application.css?body=1" for 132.241.217.240 at 2014-10-10 16:55:50 +0000


Started GET "/assets/jquery.js?body=1" for 132.241.217.240 at 2014-10-10 16:55:50 +0000


Started GET "/assets/jquery_ujs.js?body=1" for 132.241.217.240 at 2014-10-10 16:55:50 +0000


Started GET "/assets/turbolinks.js?body=1" for 132.241.217.240 at 2014-10-10 16:55:50 +0000


Started GET "/assets/application.js?body=1" for 132.241.217.240 at 2014-10-10 16:55:50 +0000


Started GET "/step5?utf8=%E2%9C%93&step1=asdf&step2=sdf&step3=sdf&step4=&step5=&commit=Check+Answer" for 132.241.217.240 at 2014-10-10 16:55:55 +0000
Processing by HomeController#show as HTML
  Parameters: {"utf8"=>"✓", "step1"=>"asdf", "step2"=>"sdf", "step3"=>"sdf", "step4"=>"", "step5"=>"", "commit"=>"Check Answer"}
  Rendered home/show.html.erb within layouts/application (6.6ms)
Completed 500 Internal Server Error in 9ms

ActionView::Template::Error (undefined local variable or method `ary' for #<#<Class:0x000000053febc0>:0x000000053b8aa8>):
    1: <p><% ary.each do |word, i| %>
    2:   <%= word  %><br>
    3: <% end %></p>
    4: <br>
  app/views/home/show.html.erb:1:in `_app_views_home_show_html_erb__1518348440426628768_43915320'


  Rendered /home/ubuntu/.rvm/gems/ruby-2.1.3/gems/actionpack-4.1.6/lib/action_dispatch/middleware/templates/rescues/_trace.html.erb (1.1ms)
  Rendered /home/ubuntu/.rvm/gems/ruby-2.1.3/gems/actionpack-4.1.6/lib/action_dispatch/middleware/templates/rescues/_request_and_response.html.erb (0.9ms)
  Rendered /home/ubuntu/.rvm/gems/ruby-2.1.3/gems/actionpack-4.1.6/lib/action_dispatch/middleware/templates/rescues/template_error.html.erb within rescues/layout (8.6ms)


Started GET "/step5?utf8=%E2%9C%93&step1=asdf&step2=sdf&step3=sdf&step4=&step5=&commit=Check+Answer" for 132.241.217.240 at 2014-10-10 17:04:33 +0000
Processing by HomeController#show as HTML
  Parameters: {"utf8"=>"✓", "step1"=>"asdf", "step2"=>"sdf", "step3"=>"sdf", "step4"=>"", "step5"=>"", "commit"=>"Check Answer"}
  Rendered home/show.html.erb within layouts/application (0.6ms)
Completed 500 Internal Server Error in 3ms

SyntaxError (/home/ubuntu/465/wladder/app/views/home/show.html.erb:10: syntax error, unexpected ')', expecting keyword_then or ';' or '\n'
...t_buffer.append=( if array[1] );@output_buffer.safe_append='
...                               ^
/home/ubuntu/465/wladder/app/views/home/show.html.erb:34: syntax error, unexpected keyword_ensure, expecting ')'
/home/ubuntu/465/wladder/app/views/home/show.html.erb:36: syntax error, unexpected keyword_end, expecting ')'):
  app/views/home/show.html.erb:10: syntax error, unexpected ')', expecting keyword_then or ';' or '\n'
  app/views/home/show.html.erb:34: syntax error, unexpected keyword_ensure, expecting ')'
  app/views/home/show.html.erb:36: syntax error, unexpected keyword_end, expecting ')'


  Rendered /home/ubuntu/.rvm/gems/ruby-2.1.3/gems/actionpack-4.1.6/lib/action_dispatch/middleware/templates/rescues/_source.erb (0.5ms)
  Rendered /home/ubuntu/.rvm/gems/ruby-2.1.3/gems/actionpack-4.1.6/lib/action_dispatch/middleware/templates/rescues/_trace.html.erb (1.2ms)
  Rendered /home/ubuntu/.rvm/gems/ruby-2.1.3/gems/actionpack-4.1.6/lib/action_dispatch/middleware/templates/rescues/_request_and_response.html.erb (0.8ms)
  Rendered /home/ubuntu/.rvm/gems/ruby-2.1.3/gems/actionpack-4.1.6/lib/action_dispatch/middleware/templates/rescues/diagnostics.erb within rescues/layout (11.4ms)


Started GET "/step5?utf8=%E2%9C%93&step1=asdf&step2=sdf&step3=sdf&step4=&step5=&commit=Check+Answer" for 132.241.217.240 at 2014-10-10 17:05:07 +0000
Processing by HomeController#show as HTML
  Parameters: {"utf8"=>"✓", "step1"=>"asdf", "step2"=>"sdf", "step3"=>"sdf", "step4"=>"", "step5"=>"", "commit"=>"Check Answer"}
  Rendered home/show.html.erb within layouts/application (0.6ms)
Completed 500 Internal Server Error in 3ms

SyntaxError (/home/ubuntu/465/wladder/app/views/home/show.html.erb:10: syntax error, unexpected ')', expecting keyword_then or ';' or '\n'
...ut_buffer.append=( if $ary[1] );@output_buffer.safe_append='
...                               ^
/home/ubuntu/465/wladder/app/views/home/show.html.erb:34: syntax error, unexpected keyword_ensure, expecting ')'
/home/ubuntu/465/wladder/app/views/home/show.html.erb:36: syntax error, unexpected keyword_end, expecting ')'):
  app/views/home/show.html.erb:10: syntax error, unexpected ')', expecting keyword_then or ';' or '\n'
  app/views/home/show.html.erb:34: syntax error, unexpected keyword_ensure, expecting ')'
  app/views/home/show.html.erb:36: syntax error, unexpected keyword_end, expecting ')'


  Rendered /home/ubuntu/.rvm/gems/ruby-2.1.3/gems/actionpack-4.1.6/lib/action_dispatch/middleware/templates/rescues/_source.erb (0.6ms)
  Rendered /home/ubuntu/.rvm/gems/ruby-2.1.3/gems/actionpack-4.1.6/lib/action_dispatch/middleware/templates/rescues/_trace.html.erb (1.2ms)
  Rendered /home/ubuntu/.rvm/gems/ruby-2.1.3/gems/actionpack-4.1.6/lib/action_dispatch/middleware/templates/rescues/_request_and_response.html.erb (0.8ms)
  Rendered /home/ubuntu/.rvm/gems/ruby-2.1.3/gems/actionpack-4.1.6/lib/action_dispatch/middleware/templates/rescues/diagnostics.erb within rescues/layout (11.5ms)


Started GET "/step5?utf8=%E2%9C%93&step1=asdf&step2=sdf&step3=sdf&step4=&step5=&commit=Check+Answer" for 132.241.217.240 at 2014-10-10 17:05:11 +0000
Processing by HomeController#show as HTML
  Parameters: {"utf8"=>"✓", "step1"=>"asdf", "step2"=>"sdf", "step3"=>"sdf", "step4"=>"", "step5"=>"", "commit"=>"Check Answer"}
  Rendered home/show.html.erb within layouts/application (0.4ms)
Completed 500 Internal Server Error in 3ms

SyntaxError (/home/ubuntu/465/wladder/app/views/home/show.html.erb:10: syntax error, unexpected ')', expecting keyword_then or ';' or '\n'
...ut_buffer.append=( if $ary[1] );@output_buffer.safe_append='
...                               ^
/home/ubuntu/465/wladder/app/views/home/show.html.erb:34: syntax error, unexpected keyword_ensure, expecting ')'
/home/ubuntu/465/wladder/app/views/home/show.html.erb:36: syntax error, unexpected keyword_end, expecting ')'):
  app/views/home/show.html.erb:10: syntax error, unexpected ')', expecting keyword_then or ';' or '\n'
  app/views/home/show.html.erb:34: syntax error, unexpected keyword_ensure, expecting ')'
  app/views/home/show.html.erb:36: syntax error, unexpected keyword_end, expecting ')'


  Rendered /home/ubuntu/.rvm/gems/ruby-2.1.3/gems/actionpack-4.1.6/lib/action_dispatch/middleware/templates/rescues/_source.erb (0.5ms)
  Rendered /home/ubuntu/.rvm/gems/ruby-2.1.3/gems/actionpack-4.1.6/lib/action_dispatch/middleware/templates/rescues/_trace.html.erb (1.1ms)
  Rendered /home/ubuntu/.rvm/gems/ruby-2.1.3/gems/actionpack-4.1.6/lib/action_dispatch/middleware/templates/rescues/_request_and_response.html.erb (0.8ms)
  Rendered /home/ubuntu/.rvm/gems/ruby-2.1.3/gems/actionpack-4.1.6/lib/action_dispatch/middleware/templates/rescues/diagnostics.erb within rescues/layout (10.8ms)


Started GET "/step5?utf8=%E2%9C%93&step1=asdf&step2=sdf&step3=sdf&step4=&step5=&commit=Check+Answer" for 132.241.217.240 at 2014-10-10 17:05:45 +0000
Processing by HomeController#show as HTML
  Parameters: {"utf8"=>"✓", "step1"=>"asdf", "step2"=>"sdf", "step3"=>"sdf", "step4"=>"", "step5"=>"", "commit"=>"Check Answer"}
  Rendered home/show.html.erb within layouts/application (0.6ms)
Completed 500 Internal Server Error in 3ms

SyntaxError (/home/ubuntu/465/wladder/app/views/home/show.html.erb:10: syntax error, unexpected ')', expecting keyword_then or ';' or '\n'
...ut_buffer.append=( if $ary[1] );@output_buffer.safe_append='
...                               ^
/home/ubuntu/465/wladder/app/views/home/show.html.erb:15: syntax error, unexpected keyword_end, expecting ')'
/home/ubuntu/465/wladder/app/views/home/show.html.erb:35: syntax error, unexpected keyword_ensure, expecting ')'
/home/ubuntu/465/wladder/app/views/home/show.html.erb:37: syntax error, unexpected keyword_end, expecting ')'):
  app/views/home/show.html.erb:10: syntax error, unexpected ')', expecting keyword_then or ';' or '\n'
  app/views/home/show.html.erb:15: syntax error, unexpected keyword_end, expecting ')'
  app/views/home/show.html.erb:35: syntax error, unexpected keyword_ensure, expecting ')'
  app/views/home/show.html.erb:37: syntax error, unexpected keyword_end, expecting ')'


  Rendered /home/ubuntu/.rvm/gems/ruby-2.1.3/gems/actionpack-4.1.6/lib/action_dispatch/middleware/templates/rescues/_source.erb (0.5ms)
  Rendered /home/ubuntu/.rvm/gems/ruby-2.1.3/gems/actionpack-4.1.6/lib/action_dispatch/middleware/templates/rescues/_trace.html.erb (1.1ms)
  Rendered /home/ubuntu/.rvm/gems/ruby-2.1.3/gems/actionpack-4.1.6/lib/action_dispatch/middleware/templates/rescues/_request_and_response.html.erb (0.8ms)
  Rendered /home/ubuntu/.rvm/gems/ruby-2.1.3/gems/actionpack-4.1.6/lib/action_dispatch/middleware/templates/rescues/diagnostics.erb within rescues/layout (10.9ms)


Started GET "/" for 132.241.217.240 at 2014-10-10 17:05:49 +0000
Processing by HomeController#index as HTML
  Rendered home/index.html.erb within layouts/application (0.6ms)
Completed 200 OK in 22ms (Views: 20.9ms | ActiveRecord: 0.0ms)


Started GET "/assets/application.css?body=1" for 132.241.217.240 at 2014-10-10 17:05:49 +0000


Started GET "/assets/jquery.js?body=1" for 132.241.217.240 at 2014-10-10 17:05:49 +0000


Started GET "/assets/jquery_ujs.js?body=1" for 132.241.217.240 at 2014-10-10 17:05:49 +0000


Started GET "/assets/turbolinks.js?body=1" for 132.241.217.240 at 2014-10-10 17:05:49 +0000


Started GET "/assets/application.js?body=1" for 132.241.217.240 at 2014-10-10 17:05:49 +0000


Started GET "/step5?utf8=%E2%9C%93&step1=ds&step2=adsfa&step3=&step4=&step5=&commit=Check+Answer" for 132.241.217.240 at 2014-10-10 17:05:53 +0000
Processing by HomeController#show as HTML
  Parameters: {"utf8"=>"✓", "step1"=>"ds", "step2"=>"adsfa", "step3"=>"", "step4"=>"", "step5"=>"", "commit"=>"Check Answer"}
  Rendered home/show.html.erb within layouts/application (0.5ms)
Completed 500 Internal Server Error in 3ms

SyntaxError (/home/ubuntu/465/wladder/app/views/home/show.html.erb:10: syntax error, unexpected ')', expecting keyword_then or ';' or '\n'
...ut_buffer.append=( if $ary[1] );@output_buffer.safe_append='
...                               ^
/home/ubuntu/465/wladder/app/views/home/show.html.erb:15: syntax error, unexpected keyword_end, expecting ')'
/home/ubuntu/465/wladder/app/views/home/show.html.erb:35: syntax error, unexpected keyword_ensure, expecting ')'
/home/ubuntu/465/wladder/app/views/home/show.html.erb:37: syntax error, unexpected keyword_end, expecting ')'):
  app/views/home/show.html.erb:10: syntax error, unexpected ')', expecting keyword_then or ';' or '\n'
  app/views/home/show.html.erb:15: syntax error, unexpected keyword_end, expecting ')'
  app/views/home/show.html.erb:35: syntax error, unexpected keyword_ensure, expecting ')'
  app/views/home/show.html.erb:37: syntax error, unexpected keyword_end, expecting ')'


  Rendered /home/ubuntu/.rvm/gems/ruby-2.1.3/gems/actionpack-4.1.6/lib/action_dispatch/middleware/templates/rescues/_source.erb (0.6ms)
  Rendered /home/ubuntu/.rvm/gems/ruby-2.1.3/gems/actionpack-4.1.6/lib/action_dispatch/middleware/templates/rescues/_trace.html.erb (1.2ms)
  Rendered /home/ubuntu/.rvm/gems/ruby-2.1.3/gems/actionpack-4.1.6/lib/action_dispatch/middleware/templates/rescues/_request_and_response.html.erb (0.9ms)
  Rendered /home/ubuntu/.rvm/gems/ruby-2.1.3/gems/actionpack-4.1.6/lib/action_dispatch/middleware/templates/rescues/diagnostics.erb within rescues/layout (11.6ms)


Started GET "/" for 132.241.217.240 at 2014-10-10 17:06:47 +0000
Processing by HomeController#index as HTML
  Rendered home/index.html.erb within layouts/application (0.6ms)
Completed 200 OK in 22ms (Views: 21.1ms | ActiveRecord: 0.0ms)


Started GET "/assets/application.css?body=1" for 132.241.217.240 at 2014-10-10 17:06:47 +0000


Started GET "/assets/jquery.js?body=1" for 132.241.217.240 at 2014-10-10 17:06:47 +0000


Started GET "/assets/jquery_ujs.js?body=1" for 132.241.217.240 at 2014-10-10 17:06:47 +0000


Started GET "/assets/turbolinks.js?body=1" for 132.241.217.240 at 2014-10-10 17:06:47 +0000


Started GET "/assets/application.js?body=1" for 132.241.217.240 at 2014-10-10 17:06:47 +0000


Started GET "/step5?utf8=%E2%9C%93&step1=asdf&step2=s&step3=&step4=&step5=&commit=Check+Answer" for 132.241.217.240 at 2014-10-10 17:06:51 +0000
Processing by HomeController#show as HTML
  Parameters: {"utf8"=>"✓", "step1"=>"asdf", "step2"=>"s", "step3"=>"", "step4"=>"", "step5"=>"", "commit"=>"Check Answer"}
  Rendered home/show.html.erb within layouts/application (0.5ms)
Completed 500 Internal Server Error in 3ms

SyntaxError (/home/ubuntu/465/wladder/app/views/home/show.html.erb:10: syntax error, unexpected ')', expecting keyword_then or ';' or '\n'
...er.append=( if $ary[1].blank? );@output_buffer.safe_append='
...                               ^
/home/ubuntu/465/wladder/app/views/home/show.html.erb:15: syntax error, unexpected keyword_end, expecting ')'
/home/ubuntu/465/wladder/app/views/home/show.html.erb:35: syntax error, unexpected keyword_ensure, expecting ')'
/home/ubuntu/465/wladder/app/views/home/show.html.erb:37: syntax error, unexpected keyword_end, expecting ')'):
  app/views/home/show.html.erb:10: syntax error, unexpected ')', expecting keyword_then or ';' or '\n'
  app/views/home/show.html.erb:15: syntax error, unexpected keyword_end, expecting ')'
  app/views/home/show.html.erb:35: syntax error, unexpected keyword_ensure, expecting ')'
  app/views/home/show.html.erb:37: syntax error, unexpected keyword_end, expecting ')'


  Rendered /home/ubuntu/.rvm/gems/ruby-2.1.3/gems/actionpack-4.1.6/lib/action_dispatch/middleware/templates/rescues/_source.erb (0.5ms)
  Rendered /home/ubuntu/.rvm/gems/ruby-2.1.3/gems/actionpack-4.1.6/lib/action_dispatch/middleware/templates/rescues/_trace.html.erb (1.2ms)
  Rendered /home/ubuntu/.rvm/gems/ruby-2.1.3/gems/actionpack-4.1.6/lib/action_dispatch/middleware/templates/rescues/_request_and_response.html.erb (0.7ms)
  Rendered /home/ubuntu/.rvm/gems/ruby-2.1.3/gems/actionpack-4.1.6/lib/action_dispatch/middleware/templates/rescues/diagnostics.erb within rescues/layout (11.4ms)


Started GET "/" for 132.241.217.240 at 2014-10-10 17:07:11 +0000
Processing by HomeController#index as HTML
  Rendered home/index.html.erb within layouts/application (0.7ms)
Completed 200 OK in 58ms (Views: 56.6ms | ActiveRecord: 0.0ms)


Started GET "/assets/application.css?body=1" for 132.241.217.240 at 2014-10-10 17:07:11 +0000


Started GET "/assets/turbolinks.js?body=1" for 132.241.217.240 at 2014-10-10 17:07:11 +0000


Started GET "/assets/jquery.js?body=1" for 132.241.217.240 at 2014-10-10 17:07:11 +0000


Started GET "/assets/jquery_ujs.js?body=1" for 132.241.217.240 at 2014-10-10 17:07:11 +0000


Started GET "/assets/application.js?body=1" for 132.241.217.240 at 2014-10-10 17:07:11 +0000


Started GET "/step5?utf8=%E2%9C%93&step1=asdf&step2=s&step3=&step4=&step5=&commit=Check+Answer" for 132.241.217.240 at 2014-10-10 17:07:17 +0000
Processing by HomeController#show as HTML
  Parameters: {"utf8"=>"✓", "step1"=>"asdf", "step2"=>"s", "step3"=>"", "step4"=>"", "step5"=>"", "commit"=>"Check Answer"}
  Rendered home/show.html.erb within layouts/application (0.7ms)
Completed 200 OK in 22ms (Views: 20.4ms | ActiveRecord: 0.0ms)


Started GET "/assets/jquery_ujs.js?body=1" for 132.241.217.240 at 2014-10-10 17:07:17 +0000


Started GET "/assets/turbolinks.js?body=1" for 132.241.217.240 at 2014-10-10 17:07:17 +0000


Started GET "/assets/jquery.js?body=1" for 132.241.217.240 at 2014-10-10 17:07:17 +0000


Started GET "/assets/application.js?body=1" for 132.241.217.240 at 2014-10-10 17:07:17 +0000


Started GET "/assets/application.css?body=1" for 132.241.217.240 at 2014-10-10 17:07:17 +0000


Started GET "/" for 132.241.217.240 at 2014-10-10 17:07:27 +0000
Processing by HomeController#index as HTML
  Rendered home/index.html.erb within layouts/application (0.6ms)
Completed 200 OK in 22ms (Views: 20.7ms | ActiveRecord: 0.0ms)


Started GET "/assets/application.css?body=1" for 132.241.217.240 at 2014-10-10 17:07:27 +0000


Started GET "/assets/jquery.js?body=1" for 132.241.217.240 at 2014-10-10 17:07:27 +0000


Started GET "/assets/jquery_ujs.js?body=1" for 132.241.217.240 at 2014-10-10 17:07:27 +0000


Started GET "/assets/turbolinks.js?body=1" for 132.241.217.240 at 2014-10-10 17:07:27 +0000


Started GET "/assets/application.js?body=1" for 132.241.217.240 at 2014-10-10 17:07:27 +0000


Started GET "/step5?utf8=%E2%9C%93&step1=&step2=sd&step3=&step4=&step5=dsf&commit=Check+Answer" for 132.241.217.240 at 2014-10-10 17:07:30 +0000
Processing by HomeController#show as HTML
  Parameters: {"utf8"=>"✓", "step1"=>"", "step2"=>"sd", "step3"=>"", "step4"=>"", "step5"=>"dsf", "commit"=>"Check Answer"}
  Rendered home/show.html.erb within layouts/application (0.2ms)
Completed 200 OK in 22ms (Views: 20.5ms | ActiveRecord: 0.0ms)


Started GET "/assets/jquery.js?body=1" for 132.241.217.240 at 2014-10-10 17:07:30 +0000


Started GET "/assets/application.js?body=1" for 132.241.217.240 at 2014-10-10 17:07:30 +0000


Started GET "/assets/jquery_ujs.js?body=1" for 132.241.217.240 at 2014-10-10 17:07:30 +0000


Started GET "/assets/turbolinks.js?body=1" for 132.241.217.240 at 2014-10-10 17:07:30 +0000


Started GET "/assets/application.css?body=1" for 132.241.217.240 at 2014-10-10 17:07:30 +0000


Started GET "/step5?utf8=%E2%9C%93&step1=&step2=sd&step3=&step4=&step5=dsf&commit=Check+Answer" for 132.241.217.240 at 2014-10-10 17:07:38 +0000
Processing by HomeController#show as HTML
  Parameters: {"utf8"=>"✓", "step1"=>"", "step2"=>"sd", "step3"=>"", "step4"=>"", "step5"=>"dsf", "commit"=>"Check Answer"}
  Rendered home/show.html.erb within layouts/application (0.3ms)
Completed 200 OK in 22ms (Views: 20.2ms | ActiveRecord: 0.0ms)


Started GET "/assets/application.css?body=1" for 132.241.217.240 at 2014-10-10 17:07:38 +0000


Started GET "/assets/jquery.js?body=1" for 132.241.217.240 at 2014-10-10 17:07:38 +0000


Started GET "/assets/application.js?body=1" for 132.241.217.240 at 2014-10-10 17:07:38 +0000


Started GET "/assets/turbolinks.js?body=1" for 132.241.217.240 at 2014-10-10 17:07:38 +0000


Started GET "/assets/jquery_ujs.js?body=1" for 132.241.217.240 at 2014-10-10 17:07:38 +0000


Started GET "/" for 132.241.217.240 at 2014-10-10 17:07:50 +0000
Processing by HomeController#index as HTML
  Rendered home/index.html.erb within layouts/application (0.6ms)
Completed 200 OK in 21ms (Views: 19.9ms | ActiveRecord: 0.0ms)


Started GET "/assets/application.css?body=1" for 132.241.217.240 at 2014-10-10 17:07:50 +0000


Started GET "/assets/jquery.js?body=1" for 132.241.217.240 at 2014-10-10 17:07:50 +0000


Started GET "/assets/application.js?body=1" for 132.241.217.240 at 2014-10-10 17:07:50 +0000


Started GET "/assets/turbolinks.js?body=1" for 132.241.217.240 at 2014-10-10 17:07:50 +0000


Started GET "/assets/jquery_ujs.js?body=1" for 132.241.217.240 at 2014-10-10 17:07:50 +0000


Started GET "/step5?utf8=%E2%9C%93&step1=sdf&step2=&step3=&step4=&step5=&commit=Check+Answer" for 132.241.217.240 at 2014-10-10 17:07:53 +0000
Processing by HomeController#show as HTML
  Parameters: {"utf8"=>"✓", "step1"=>"sdf", "step2"=>"", "step3"=>"", "step4"=>"", "step5"=>"", "commit"=>"Check Answer"}
  Rendered home/show.html.erb within layouts/application (0.9ms)
Completed 200 OK in 22ms (Views: 20.9ms | ActiveRecord: 0.0ms)


Started GET "/assets/jquery_ujs.js?body=1" for 132.241.217.240 at 2014-10-10 17:07:53 +0000


Started GET "/assets/jquery.js?body=1" for 132.241.217.240 at 2014-10-10 17:07:53 +0000


Started GET "/assets/turbolinks.js?body=1" for 132.241.217.240 at 2014-10-10 17:07:53 +0000


Started GET "/assets/application.js?body=1" for 132.241.217.240 at 2014-10-10 17:07:53 +0000


Started GET "/assets/application.css?body=1" for 132.241.217.240 at 2014-10-10 17:07:53 +0000


Started GET "/" for 132.241.217.240 at 2014-10-10 17:07:57 +0000
Processing by HomeController#index as HTML
  Rendered home/index.html.erb within layouts/application (0.6ms)
Completed 200 OK in 21ms (Views: 20.1ms | ActiveRecord: 0.0ms)


Started GET "/assets/application.css?body=1" for 132.241.217.240 at 2014-10-10 17:07:57 +0000


Started GET "/assets/jquery.js?body=1" for 132.241.217.240 at 2014-10-10 17:07:57 +0000


Started GET "/assets/jquery_ujs.js?body=1" for 132.241.217.240 at 2014-10-10 17:07:57 +0000


Started GET "/assets/turbolinks.js?body=1" for 132.241.217.240 at 2014-10-10 17:07:57 +0000


Started GET "/assets/application.js?body=1" for 132.241.217.240 at 2014-10-10 17:07:57 +0000


Started GET "/" for 132.241.217.240 at 2014-10-10 17:09:53 +0000
Processing by HomeController#index as HTML
  Rendered home/index.html.erb within layouts/application (0.7ms)
Completed 200 OK in 21ms (Views: 20.3ms | ActiveRecord: 0.0ms)


Started GET "/assets/application.css?body=1" for 132.241.217.240 at 2014-10-10 17:09:53 +0000


Started GET "/assets/jquery.js?body=1" for 132.241.217.240 at 2014-10-10 17:09:53 +0000


Started GET "/assets/turbolinks.js?body=1" for 132.241.217.240 at 2014-10-10 17:09:53 +0000


Started GET "/assets/jquery_ujs.js?body=1" for 132.241.217.240 at 2014-10-10 17:09:53 +0000


Started GET "/assets/application.js?body=1" for 132.241.217.240 at 2014-10-10 17:09:53 +0000


Started GET "/step5?utf8=%E2%9C%93&step1=fg&step2=dsfg&step3=f&step4=&step5=&commit=Check+Answer" for 132.241.217.240 at 2014-10-10 17:10:03 +0000
Processing by HomeController#show as HTML
  Parameters: {"utf8"=>"✓", "step1"=>"fg", "step2"=>"dsfg", "step3"=>"f", "step4"=>"", "step5"=>"", "commit"=>"Check Answer"}
  Rendered home/show.html.erb within layouts/application (1.0ms)
Completed 200 OK in 59ms (Views: 53.3ms | ActiveRecord: 0.0ms)


Started GET "/assets/jquery.js?body=1" for 132.241.217.240 at 2014-10-10 17:10:03 +0000


Started GET "/assets/turbolinks.js?body=1" for 132.241.217.240 at 2014-10-10 17:10:03 +0000


Started GET "/assets/jquery_ujs.js?body=1" for 132.241.217.240 at 2014-10-10 17:10:03 +0000


Started GET "/assets/application.js?body=1" for 132.241.217.240 at 2014-10-10 17:10:03 +0000


Started GET "/assets/application.css?body=1" for 132.241.217.240 at 2014-10-10 17:10:03 +0000


Started GET "/" for 132.241.217.240 at 2014-10-10 17:13:39 +0000
Processing by HomeController#index as HTML
  Rendered home/index.html.erb within layouts/application (0.8ms)
Completed 200 OK in 25ms (Views: 23.1ms | ActiveRecord: 0.0ms)


Started GET "/assets/application.css?body=1" for 132.241.217.240 at 2014-10-10 17:13:39 +0000


Started GET "/assets/jquery.js?body=1" for 132.241.217.240 at 2014-10-10 17:13:39 +0000


Started GET "/assets/jquery_ujs.js?body=1" for 132.241.217.240 at 2014-10-10 17:13:39 +0000


Started GET "/assets/application.js?body=1" for 132.241.217.240 at 2014-10-10 17:13:39 +0000


Started GET "/assets/turbolinks.js?body=1" for 132.241.217.240 at 2014-10-10 17:13:39 +0000


Started GET "/step5?utf8=%E2%9C%93&step1=sdf&step2=df&step3=&step4=&step5=&commit=Check+Answer" for 132.241.217.240 at 2014-10-10 17:13:45 +0000
Processing by HomeController#show as HTML
  Parameters: {"utf8"=>"✓", "step1"=>"sdf", "step2"=>"df", "step3"=>"", "step4"=>"", "step5"=>"", "commit"=>"Check Answer"}
  Rendered home/show.html.erb within layouts/application (1.1ms)
Completed 200 OK in 23ms (Views: 21.7ms | ActiveRecord: 0.0ms)


Started GET "/assets/jquery_ujs.js?body=1" for 132.241.217.240 at 2014-10-10 17:13:45 +0000


Started GET "/assets/turbolinks.js?body=1" for 132.241.217.240 at 2014-10-10 17:13:45 +0000


Started GET "/assets/application.js?body=1" for 132.241.217.240 at 2014-10-10 17:13:45 +0000


Started GET "/assets/jquery.js?body=1" for 132.241.217.240 at 2014-10-10 17:13:45 +0000


Started GET "/assets/application.css?body=1" for 132.241.217.240 at 2014-10-10 17:13:45 +0000


Started GET "/step5?utf8=%E2%9C%93&step1=&step2=&step3=&step4=&step5=&commit=Check+Answer" for 132.241.217.240 at 2014-10-10 17:13:54 +0000
Processing by HomeController#show as HTML
  Parameters: {"utf8"=>"✓", "step1"=>"", "step2"=>"", "step3"=>"", "step4"=>"", "step5"=>"", "commit"=>"Check Answer"}
  Rendered home/show.html.erb within layouts/application (0.2ms)
Completed 200 OK in 23ms (Views: 21.4ms | ActiveRecord: 0.0ms)


Started GET "/assets/jquery.js?body=1" for 132.241.217.240 at 2014-10-10 17:13:54 +0000


Started GET "/assets/jquery_ujs.js?body=1" for 132.241.217.240 at 2014-10-10 17:13:54 +0000


Started GET "/assets/application.js?body=1" for 132.241.217.240 at 2014-10-10 17:13:54 +0000


Started GET "/assets/turbolinks.js?body=1" for 132.241.217.240 at 2014-10-10 17:13:54 +0000


Started GET "/assets/application.css?body=1" for 132.241.217.240 at 2014-10-10 17:13:54 +0000


Started GET "/" for 132.241.217.240 at 2014-10-10 17:14:33 +0000
Processing by HomeController#index as HTML
  Rendered home/index.html.erb within layouts/application (0.7ms)
Completed 200 OK in 24ms (Views: 22.2ms | ActiveRecord: 0.0ms)


Started GET "/assets/application.css?body=1" for 132.241.217.240 at 2014-10-10 17:14:33 +0000


Started GET "/assets/jquery.js?body=1" for 132.241.217.240 at 2014-10-10 17:14:33 +0000


Started GET "/assets/jquery_ujs.js?body=1" for 132.241.217.240 at 2014-10-10 17:14:33 +0000


Started GET "/assets/turbolinks.js?body=1" for 132.241.217.240 at 2014-10-10 17:14:33 +0000


Started GET "/assets/application.js?body=1" for 132.241.217.240 at 2014-10-10 17:14:33 +0000


Started GET "/step5?utf8=%E2%9C%93&step1=sdf&step2=&step3=sdf&step4=&step5=&commit=Check+Answer" for 132.241.217.240 at 2014-10-10 17:14:38 +0000
Processing by HomeController#show as HTML
  Parameters: {"utf8"=>"✓", "step1"=>"sdf", "step2"=>"", "step3"=>"sdf", "step4"=>"", "step5"=>"", "commit"=>"Check Answer"}
  Rendered home/show.html.erb within layouts/application (0.9ms)
Completed 200 OK in 24ms (Views: 22.3ms | ActiveRecord: 0.0ms)


Started GET "/assets/jquery_ujs.js?body=1" for 132.241.217.240 at 2014-10-10 17:14:38 +0000


Started GET "/assets/application.js?body=1" for 132.241.217.240 at 2014-10-10 17:14:38 +0000


Started GET "/assets/jquery.js?body=1" for 132.241.217.240 at 2014-10-10 17:14:38 +0000


Started GET "/assets/turbolinks.js?body=1" for 132.241.217.240 at 2014-10-10 17:14:38 +0000


Started GET "/assets/application.css?body=1" for 132.241.217.240 at 2014-10-10 17:14:38 +0000


Started GET "/step5?utf8=%E2%9C%93&step1=sdf&step2=&step3=hi&step4=&step5=&commit=Check+Answer" for 132.241.217.240 at 2014-10-10 17:14:49 +0000
Processing by HomeController#show as HTML
  Parameters: {"utf8"=>"✓", "step1"=>"sdf", "step2"=>"", "step3"=>"hi", "step4"=>"", "step5"=>"", "commit"=>"Check Answer"}
  Rendered home/show.html.erb within layouts/application (0.4ms)
Completed 200 OK in 24ms (Views: 22.6ms | ActiveRecord: 0.0ms)


Started GET "/assets/application.css?body=1" for 132.241.217.240 at 2014-10-10 17:14:49 +0000


Started GET "/assets/jquery_ujs.js?body=1" for 132.241.217.240 at 2014-10-10 17:14:49 +0000


Started GET "/assets/jquery.js?body=1" for 132.241.217.240 at 2014-10-10 17:14:49 +0000


Started GET "/assets/application.js?body=1" for 132.241.217.240 at 2014-10-10 17:14:49 +0000


Started GET "/assets/turbolinks.js?body=1" for 132.241.217.240 at 2014-10-10 17:14:49 +0000


Started GET "/" for 132.241.217.240 at 2014-10-10 17:16:35 +0000
Processing by HomeController#index as HTML
  Rendered home/index.html.erb within layouts/application (0.6ms)
Completed 200 OK in 22ms (Views: 20.7ms | ActiveRecord: 0.0ms)


Started GET "/assets/application.css?body=1" for 132.241.217.240 at 2014-10-10 17:16:35 +0000


Started GET "/assets/jquery.js?body=1" for 132.241.217.240 at 2014-10-10 17:16:35 +0000


Started GET "/assets/jquery_ujs.js?body=1" for 132.241.217.240 at 2014-10-10 17:16:35 +0000


Started GET "/assets/application.js?body=1" for 132.241.217.240 at 2014-10-10 17:16:35 +0000


Started GET "/assets/turbolinks.js?body=1" for 132.241.217.240 at 2014-10-10 17:16:35 +0000


Started GET "/" for 132.241.217.240 at 2014-10-10 17:16:45 +0000
Processing by HomeController#index as HTML
  Rendered home/index.html.erb within layouts/application (0.6ms)
Completed 200 OK in 21ms (Views: 19.9ms | ActiveRecord: 0.0ms)


Started GET "/assets/application.css?body=1" for 132.241.217.240 at 2014-10-10 17:16:45 +0000


Started GET "/assets/jquery.js?body=1" for 132.241.217.240 at 2014-10-10 17:16:45 +0000


Started GET "/assets/jquery_ujs.js?body=1" for 132.241.217.240 at 2014-10-10 17:16:45 +0000


Started GET "/assets/turbolinks.js?body=1" for 132.241.217.240 at 2014-10-10 17:16:45 +0000


Started GET "/assets/application.js?body=1" for 132.241.217.240 at 2014-10-10 17:16:45 +0000


Started GET "/" for 132.241.217.240 at 2014-10-10 17:16:47 +0000
Processing by HomeController#index as HTML
  Rendered home/index.html.erb within layouts/application (0.6ms)
Completed 200 OK in 26ms (Views: 25.0ms | ActiveRecord: 0.0ms)


Started GET "/assets/application.css?body=1" for 132.241.217.240 at 2014-10-10 17:16:47 +0000


Started GET "/assets/jquery.js?body=1" for 132.241.217.240 at 2014-10-10 17:16:47 +0000


Started GET "/assets/turbolinks.js?body=1" for 132.241.217.240 at 2014-10-10 17:16:47 +0000


Started GET "/assets/application.js?body=1" for 132.241.217.240 at 2014-10-10 17:16:47 +0000


Started GET "/assets/jquery_ujs.js?body=1" for 132.241.217.240 at 2014-10-10 17:16:47 +0000


Started GET "/step5?utf8=%E2%9C%93&step1=roos&step2=rops&step3=rope&step4=&step5=&commit=Check+Answer" for 132.241.217.240 at 2014-10-10 17:17:03 +0000
Processing by HomeController#show as HTML
  Parameters: {"utf8"=>"✓", "step1"=>"roos", "step2"=>"rops", "step3"=>"rope", "step4"=>"", "step5"=>"", "commit"=>"Check Answer"}
  Rendered home/show.html.erb within layouts/application (1.0ms)
Completed 200 OK in 28ms (Views: 24.1ms | ActiveRecord: 0.0ms)


Started GET "/assets/jquery.js?body=1" for 132.241.217.240 at 2014-10-10 17:17:03 +0000


Started GET "/assets/jquery_ujs.js?body=1" for 132.241.217.240 at 2014-10-10 17:17:03 +0000


Started GET "/assets/turbolinks.js?body=1" for 132.241.217.240 at 2014-10-10 17:17:03 +0000


Started GET "/assets/application.js?body=1" for 132.241.217.240 at 2014-10-10 17:17:03 +0000


Started GET "/assets/application.css?body=1" for 132.241.217.240 at 2014-10-10 17:17:03 +0000


Started GET "/step5?utf8=%E2%9C%93&step1=bops&step2=rops&step3=rope&step4=&step5=&commit=Check+Answer" for 132.241.217.240 at 2014-10-10 17:17:33 +0000
Processing by HomeController#show as HTML
  Parameters: {"utf8"=>"✓", "step1"=>"bops", "step2"=>"rops", "step3"=>"rope", "step4"=>"", "step5"=>"", "commit"=>"Check Answer"}
  Rendered home/show.html.erb within layouts/application (0.3ms)
Completed 200 OK in 25ms (Views: 22.4ms | ActiveRecord: 0.0ms)


Started GET "/assets/application.css?body=1" for 132.241.217.240 at 2014-10-10 17:17:33 +0000


Started GET "/assets/jquery_ujs.js?body=1" for 132.241.217.240 at 2014-10-10 17:17:33 +0000


Started GET "/assets/application.js?body=1" for 132.241.217.240 at 2014-10-10 17:17:33 +0000


Started GET "/assets/turbolinks.js?body=1" for 132.241.217.240 at 2014-10-10 17:17:33 +0000


Started GET "/assets/jquery.js?body=1" for 132.241.217.240 at 2014-10-10 17:17:33 +0000


Started GET "/" for 132.241.217.240 at 2014-10-10 17:18:19 +0000
Processing by HomeController#index as HTML
  Rendered home/index.html.erb within layouts/application (0.7ms)
Completed 200 OK in 23ms (Views: 21.1ms | ActiveRecord: 0.0ms)


Started GET "/assets/jquery.js?body=1" for 132.241.217.240 at 2014-10-10 17:18:19 +0000


Started GET "/assets/application.css?body=1" for 132.241.217.240 at 2014-10-10 17:18:19 +0000


Started GET "/assets/jquery_ujs.js?body=1" for 132.241.217.240 at 2014-10-10 17:18:19 +0000


Started GET "/assets/turbolinks.js?body=1" for 132.241.217.240 at 2014-10-10 17:18:19 +0000


Started GET "/assets/application.js?body=1" for 132.241.217.240 at 2014-10-10 17:18:19 +0000


Started GET "/" for 132.241.217.240 at 2014-10-10 17:18:24 +0000
Processing by HomeController#index as HTML
  Rendered home/index.html.erb within layouts/application (0.6ms)
Completed 200 OK in 23ms (Views: 21.7ms | ActiveRecord: 0.0ms)


Started GET "/assets/application.css?body=1" for 132.241.217.240 at 2014-10-10 17:18:24 +0000


Started GET "/assets/jquery.js?body=1" for 132.241.217.240 at 2014-10-10 17:18:24 +0000


Started GET "/assets/jquery_ujs.js?body=1" for 132.241.217.240 at 2014-10-10 17:18:24 +0000


Started GET "/assets/turbolinks.js?body=1" for 132.241.217.240 at 2014-10-10 17:18:24 +0000


Started GET "/assets/application.js?body=1" for 132.241.217.240 at 2014-10-10 17:18:24 +0000


Started GET "/" for 132.241.217.240 at 2014-10-10 17:18:26 +0000
Processing by HomeController#index as HTML
  Rendered home/index.html.erb within layouts/application (0.6ms)
Completed 200 OK in 24ms (Views: 22.2ms | ActiveRecord: 0.0ms)


Started GET "/assets/application.js?body=1" for 132.241.217.240 at 2014-10-10 17:18:26 +0000


Started GET "/assets/jquery.js?body=1" for 132.241.217.240 at 2014-10-10 17:18:26 +0000


Started GET "/assets/jquery_ujs.js?body=1" for 132.241.217.240 at 2014-10-10 17:18:26 +0000


Started GET "/assets/turbolinks.js?body=1" for 132.241.217.240 at 2014-10-10 17:18:26 +0000


Started GET "/assets/application.css?body=1" for 132.241.217.240 at 2014-10-10 17:18:26 +0000


Started GET "/" for 132.241.217.240 at 2014-10-10 17:18:38 +0000
Processing by HomeController#index as HTML
  Rendered home/index.html.erb within layouts/application (0.5ms)
Completed 200 OK in 23ms (Views: 22.0ms | ActiveRecord: 0.0ms)


Started GET "/assets/jquery_ujs.js?body=1" for 132.241.217.240 at 2014-10-10 17:18:38 +0000


Started GET "/assets/application.js?body=1" for 132.241.217.240 at 2014-10-10 17:18:38 +0000


Started GET "/assets/jquery.js?body=1" for 132.241.217.240 at 2014-10-10 17:18:38 +0000


Started GET "/assets/turbolinks.js?body=1" for 132.241.217.240 at 2014-10-10 17:18:38 +0000


Started GET "/assets/application.css?body=1" for 132.241.217.240 at 2014-10-10 17:18:38 +0000


Started GET "/" for 132.241.217.240 at 2014-10-10 17:18:39 +0000
Processing by HomeController#index as HTML
  Rendered home/index.html.erb within layouts/application (0.6ms)
Completed 200 OK in 23ms (Views: 21.6ms | ActiveRecord: 0.0ms)


Started GET "/assets/turbolinks.js?body=1" for 132.241.217.240 at 2014-10-10 17:18:39 +0000


Started GET "/assets/jquery_ujs.js?body=1" for 132.241.217.240 at 2014-10-10 17:18:39 +0000


Started GET "/assets/application.js?body=1" for 132.241.217.240 at 2014-10-10 17:18:39 +0000


Started GET "/assets/jquery.js?body=1" for 132.241.217.240 at 2014-10-10 17:18:39 +0000


Started GET "/assets/application.css?body=1" for 132.241.217.240 at 2014-10-10 17:18:39 +0000


Started GET "/" for 132.241.217.240 at 2014-10-10 17:19:02 +0000
Processing by HomeController#index as HTML
  Rendered home/index.html.erb within layouts/application (0.7ms)
Completed 200 OK in 21ms (Views: 20.5ms | ActiveRecord: 0.0ms)


Started GET "/assets/application.css?body=1" for 132.241.217.240 at 2014-10-10 17:19:02 +0000


Started GET "/assets/jquery.js?body=1" for 132.241.217.240 at 2014-10-10 17:19:02 +0000


Started GET "/assets/turbolinks.js?body=1" for 132.241.217.240 at 2014-10-10 17:19:02 +0000


Started GET "/assets/jquery_ujs.js?body=1" for 132.241.217.240 at 2014-10-10 17:19:02 +0000


Started GET "/assets/application.js?body=1" for 132.241.217.240 at 2014-10-10 17:19:02 +0000


Started GET "/" for 132.241.217.240 at 2014-10-10 17:19:03 +0000
Processing by HomeController#index as HTML
  Rendered home/index.html.erb within layouts/application (0.6ms)
Completed 200 OK in 21ms (Views: 20.4ms | ActiveRecord: 0.0ms)


Started GET "/assets/application.css?body=1" for 132.241.217.240 at 2014-10-10 17:19:03 +0000


Started GET "/assets/jquery_ujs.js?body=1" for 132.241.217.240 at 2014-10-10 17:19:03 +0000


Started GET "/assets/jquery.js?body=1" for 132.241.217.240 at 2014-10-10 17:19:03 +0000


Started GET "/assets/application.js?body=1" for 132.241.217.240 at 2014-10-10 17:19:03 +0000


Started GET "/assets/turbolinks.js?body=1" for 132.241.217.240 at 2014-10-10 17:19:03 +0000


Started GET "/" for 132.241.217.240 at 2014-10-10 17:19:05 +0000
Processing by HomeController#index as HTML
  Rendered home/index.html.erb within layouts/application (0.6ms)
Completed 200 OK in 26ms (Views: 22.1ms | ActiveRecord: 0.0ms)


Started GET "/assets/application.css?body=1" for 132.241.217.240 at 2014-10-10 17:19:05 +0000


Started GET "/assets/jquery.js?body=1" for 132.241.217.240 at 2014-10-10 17:19:05 +0000


Started GET "/assets/application.js?body=1" for 132.241.217.240 at 2014-10-10 17:19:05 +0000


Started GET "/assets/turbolinks.js?body=1" for 132.241.217.240 at 2014-10-10 17:19:05 +0000


Started GET "/assets/jquery_ujs.js?body=1" for 132.241.217.240 at 2014-10-10 17:19:05 +0000


Started GET "/" for 132.241.217.240 at 2014-10-10 17:19:08 +0000
Processing by HomeController#index as HTML
  Rendered home/index.html.erb within layouts/application (0.6ms)
Completed 200 OK in 23ms (Views: 21.3ms | ActiveRecord: 0.0ms)


Started GET "/assets/jquery.js?body=1" for 132.241.217.240 at 2014-10-10 17:19:08 +0000


Started GET "/assets/turbolinks.js?body=1" for 132.241.217.240 at 2014-10-10 17:19:08 +0000


Started GET "/assets/jquery_ujs.js?body=1" for 132.241.217.240 at 2014-10-10 17:19:08 +0000


Started GET "/assets/application.js?body=1" for 132.241.217.240 at 2014-10-10 17:19:08 +0000


Started GET "/assets/application.css?body=1" for 132.241.217.240 at 2014-10-10 17:19:08 +0000


Started GET "/" for 132.241.217.240 at 2014-10-10 17:19:34 +0000
Processing by HomeController#index as HTML
  Rendered home/index.html.erb within layouts/application (0.6ms)
Completed 200 OK in 23ms (Views: 21.3ms | ActiveRecord: 0.0ms)


Started GET "/assets/application.css?body=1" for 132.241.217.240 at 2014-10-10 17:19:34 +0000


Started GET "/assets/jquery.js?body=1" for 132.241.217.240 at 2014-10-10 17:19:34 +0000


Started GET "/assets/jquery_ujs.js?body=1" for 132.241.217.240 at 2014-10-10 17:19:34 +0000


Started GET "/assets/turbolinks.js?body=1" for 132.241.217.240 at 2014-10-10 17:19:34 +0000


Started GET "/assets/application.js?body=1" for 132.241.217.240 at 2014-10-10 17:19:34 +0000


Started GET "/step5?utf8=%E2%9C%93&step1=pups&step2=pops&step3=poos&step4=&step5=&commit=Check+Answer" for 132.241.217.240 at 2014-10-10 17:19:50 +0000
Processing by HomeController#show as HTML
  Parameters: {"utf8"=>"✓", "step1"=>"pups", "step2"=>"pops", "step3"=>"poos", "step4"=>"", "step5"=>"", "commit"=>"Check Answer"}
  Rendered home/show.html.erb within layouts/application (0.3ms)
Completed 200 OK in 24ms (Views: 21.3ms | ActiveRecord: 0.0ms)


Started GET "/assets/application.css?body=1" for 132.241.217.240 at 2014-10-10 17:19:50 +0000


Started GET "/assets/jquery_ujs.js?body=1" for 132.241.217.240 at 2014-10-10 17:19:50 +0000


Started GET "/assets/jquery.js?body=1" for 132.241.217.240 at 2014-10-10 17:19:50 +0000


Started GET "/assets/application.js?body=1" for 132.241.217.240 at 2014-10-10 17:19:50 +0000


Started GET "/assets/turbolinks.js?body=1" for 132.241.217.240 at 2014-10-10 17:19:50 +0000
